[debug] [2026-01-12T10:29:01.640Z] ----------------------------------------------------------------------
[debug] [2026-01-12T10:29:01.643Z] Command:       C:\Program Files\nodejs\node.exe C:\Users\anush\AppData\Roaming\npm\node_modules\firebase-tools\lib\bin\firebase.js deploy
[debug] [2026-01-12T10:29:01.644Z] CLI Version:   15.2.1
[debug] [2026-01-12T10:29:01.644Z] Platform:      win32
[debug] [2026-01-12T10:29:01.644Z] Node Version:  v22.13.1
[debug] [2026-01-12T10:29:01.644Z] Time:          Mon Jan 12 2026 15:59:01 GMT+0530 (India Standard Time)
[debug] [2026-01-12T10:29:01.644Z] ----------------------------------------------------------------------
[debug] 
[debug] [2026-01-12T10:29:03.836Z] > command requires scopes: ["email","openid","https://www.googleapis.com/auth/cloudplatformprojects.readonly","https://www.googleapis.com/auth/firebase","https://www.googleapis.com/auth/cloud-platform"]
[debug] [2026-01-12T10:29:03.837Z] > authorizing via signed-in user (shreyaskulkarni1604@gmail.com)
[debug] [2026-01-12T10:29:03.837Z] [iam] checking project crisismanagement-d14af for permissions ["cloudsql.databases.create","cloudsql.databases.update","cloudsql.instances.connect","cloudsql.instances.create","cloudsql.instances.get","cloudsql.instances.list","cloudsql.instances.update","cloudsql.users.create","firebase.projects.get","firebasedataconnect.connectors.create","firebasedataconnect.connectors.delete","firebasedataconnect.connectors.list","firebasedataconnect.connectors.update","firebasedataconnect.operations.get","firebasedataconnect.schemas.create","firebasedataconnect.schemas.delete","firebasedataconnect.schemas.list","firebasedataconnect.schemas.update","firebasedataconnect.services.create","firebasedataconnect.services.delete","firebasedataconnect.services.list","firebasedataconnect.services.update"]
[debug] [2026-01-12T10:29:03.839Z] Checked if tokens are valid: true, expires at: 1768215654073
[debug] [2026-01-12T10:29:03.839Z] Checked if tokens are valid: true, expires at: 1768215654073
[debug] [2026-01-12T10:29:03.840Z] >>> [apiv2][query] POST https://cloudresourcemanager.googleapis.com/v1/projects/crisismanagement-d14af:testIamPermissions [none]
[debug] [2026-01-12T10:29:03.841Z] >>> [apiv2][(partial)header] POST https://cloudresourcemanager.googleapis.com/v1/projects/crisismanagement-d14af:testIamPermissions x-goog-quota-user=projects/crisismanagement-d14af
[debug] [2026-01-12T10:29:03.841Z] >>> [apiv2][body] POST https://cloudresourcemanager.googleapis.com/v1/projects/crisismanagement-d14af:testIamPermissions {"permissions":["cloudsql.databases.create","cloudsql.databases.update","cloudsql.instances.connect","cloudsql.instances.create","cloudsql.instances.get","cloudsql.instances.list","cloudsql.instances.update","cloudsql.users.create","firebase.projects.get","firebasedataconnect.connectors.create","firebasedataconnect.connectors.delete","firebasedataconnect.connectors.list","firebasedataconnect.connectors.update","firebasedataconnect.operations.get","firebasedataconnect.schemas.create","firebasedataconnect.schemas.delete","firebasedataconnect.schemas.list","firebasedataconnect.schemas.update","firebasedataconnect.services.create","firebasedataconnect.services.delete","firebasedataconnect.services.list","firebasedataconnect.services.update"]}
[debug] [2026-01-12T10:29:05.502Z] <<< [apiv2][status] POST https://cloudresourcemanager.googleapis.com/v1/projects/crisismanagement-d14af:testIamPermissions 200
[debug] [2026-01-12T10:29:05.503Z] <<< [apiv2][body] POST https://cloudresourcemanager.googleapis.com/v1/projects/crisismanagement-d14af:testIamPermissions {"permissions":["cloudsql.databases.create","cloudsql.databases.update","cloudsql.instances.connect","cloudsql.instances.create","cloudsql.instances.get","cloudsql.instances.list","cloudsql.instances.update","cloudsql.users.create","firebase.projects.get","firebasedataconnect.connectors.create","firebasedataconnect.connectors.delete","firebasedataconnect.connectors.list","firebasedataconnect.connectors.update","firebasedataconnect.operations.get","firebasedataconnect.schemas.create","firebasedataconnect.schemas.delete","firebasedataconnect.schemas.list","firebasedataconnect.schemas.update","firebasedataconnect.services.create","firebasedataconnect.services.delete","firebasedataconnect.services.list","firebasedataconnect.services.update"]}
[info] 
[info] === Deploying to 'crisismanagement-d14af'...
[info] 
[info] i  deploying dataconnect 
[info] i  dataconnect: ensuring required API firebasedataconnect.googleapis.com is enabled... 
[info] i  dataconnect: ensuring required API sqladmin.googleapis.com is enabled... 
[debug] [2026-01-12T10:29:05.552Z] Checked if tokens are valid: true, expires at: 1768215654073
[debug] [2026-01-12T10:29:05.552Z] Checked if tokens are valid: true, expires at: 1768215654073
[debug] [2026-01-12T10:29:05.552Z] >>> [apiv2][query] GET https://cloudbilling.googleapis.com/v1/projects/crisismanagement-d14af/billingInfo [none]
[debug] [2026-01-12T10:29:06.207Z] <<< [apiv2][status] GET https://cloudbilling.googleapis.com/v1/projects/crisismanagement-d14af/billingInfo 200
[debug] [2026-01-12T10:29:06.208Z] <<< [apiv2][body] GET https://cloudbilling.googleapis.com/v1/projects/crisismanagement-d14af/billingInfo {"name":"projects/crisismanagement-d14af/billingInfo","projectId":"crisismanagement-d14af","billingAccountName":"","billingEnabled":false}
[debug] [2026-01-12T10:29:06.208Z] Checked if tokens are valid: true, expires at: 1768215654073
[debug] [2026-01-12T10:29:06.208Z] Checked if tokens are valid: true, expires at: 1768215654073
[debug] [2026-01-12T10:29:06.208Z] >>> [apiv2][query] GET https://mobilesdk-pa.googleapis.com/v1/accessmanagement/tos:getStatus [none]
[debug] [2026-01-12T10:29:06.537Z] <<< [apiv2][status] GET https://mobilesdk-pa.googleapis.com/v1/accessmanagement/tos:getStatus 200
[debug] [2026-01-12T10:29:06.538Z] <<< [apiv2][body] GET https://mobilesdk-pa.googleapis.com/v1/accessmanagement/tos:getStatus {"overallStatus":"ACCEPTED","uTosStatus":{"tos":{"id":"firebase","tosId":"FIREBASE_UNIVERSAL"},"status":"ACCEPTED","acceptedVersion":7},"childTosStatus":[{"tos":{"id":"cloud","tosId":"CLOUD_PLATFORM"},"status":"ACCEPTED","acceptedVersion":39},{"tos":{"id":"firebase_b2b","tosId":"FIREBASE_B2B"},"status":"ACCEPTED","acceptedVersion":1},{"tos":{"id":"universal","tosId":"GOOGLE_APIS"},"status":"ACCEPTED","acceptedVersion":6}],"termsUrl":"https://firebase.google.com/terms","perServiceStatus":[{"tosId":"APP_CHECK","serviceStatus":{"tos":{"id":"app_check","tosId":"APP_CHECK"},"status":"ACCEPTED","acceptedVersion":3}},{"tosId":"APP_HOSTING_TOS","serviceStatus":{"tos":{"id":"app_hosting","tosId":"APP_HOSTING_TOS"},"status":"ACCEPTED","acceptedVersion":3}},{"tosId":"FIREBASE_DATA_CONNECT","serviceStatus":{"tos":{"id":"data_connect","tosId":"FIREBASE_DATA_CONNECT"},"status":"ACCEPTED","acceptedVersion":3}},{"tosId":"CORE_APPS","serviceStatus":{"tos":{"id":"core_apps","tosId":"CORE_APPS"},"status":"ACCEPTED","acceptedVersion":1}},{"tosId":"VERTEX_AI_IN_FIREBASE","serviceStatus":{"tos":{"id":"vertex_ai_in_firebase","tosId":"VERTEX_AI_IN_FIREBASE"},"status":"ACCEPTED","acceptedVersion":2}},{"tosId":"FIREBASE_CRASHLYTICS_APP_DISTRIBUTION","serviceStatus":{"tos":{"id":"firebase_crashlytics_app_distribution","tosId":"FIREBASE_CRASHLYTICS_APP_DISTRIBUTION"},"status":"ACCEPTED","acceptedVersion":4}},{"tosId":"GENERATIVE_LANGUAGE","serviceStatus":{"tos":{"id":"generative-language-api","tosId":"GENERATIVE_LANGUAGE"},"status":"NEVER_ACCEPTED","acceptedVersion":3}}]}
[debug] [2026-01-12T10:29:06.539Z] defaultcredentials: writing to file C:\Users\anush\AppData\Roaming\firebase\shreyaskulkarni1604_gmail_com_application_default_credentials.json
[debug] [2026-01-12T10:29:09.281Z] W0112 15:59:09.179852   33200 deployed.go:102] resource is not found: https://firebasedataconnect.googleapis.com/v1/projects/crisismanagement-d14af/locations/us-east4/services/environmenttech/connectors/example
I0112 15:59:09.226838   33200 control.go:94] [/emulator/environmenttech 2105] UpdateResources(): done
Main schema: sources: schema\schema.gql [819B] 
Connector "example": sources: example\queries.gql [1009B] 
 {"metadata":{"emulator":{"name":"dataconnect"},"message":"W0112 15:59:09.179852   33200 deployed.go:102] resource is not found: https://firebasedataconnect.googleapis.com/v1/projects/crisismanagement-d14af/locations/us-east4/services/environmenttech/connectors/example\nI0112 15:59:09.226838   33200 control.go:94] [/emulator/environmenttech 2105] UpdateResources(): done\nMain schema: sources: schema\\schema.gql [819B] \nConnector \"example\": sources: example\\queries.gql [1009B] \n"}}
[warn] !  dataconnect: There are changes in your schema or connectors that may break your existing applications or introduce operations that are insecure. These changes require explicit acknowledgement to proceed. You may either reject the changes and update your sources with the suggested workaround(s), if any, or acknowledge these changes and proceed with the deployment:
┌────────────────────┬──────────────────────────────────────────────────┬──────────────────────────────────────────────────┬──────────────────────────────────────────────────┐
│ Type               │ Issue                                            │ Workaround                                       │ Reason                                           │
├────────────────────┼──────────────────────────────────────────────────┼──────────────────────────────────────────────────┼──────────────────────────────────────────────────┤
│ INSECURE           │ example\queries.gql:26: On                       │ Add an insecure reason to the operation.         │ User-accessible operations that don't reference  │
│                    │ mutation.UpdateTaskStatus: new operation         │                                                  │ the user ID are considered insecure because any  │
│                    │ UpdateTaskStatus accessible to any user was      │                                                  │ logged-in user can access it. If this operation  │
│                    │ added                                            │                                                  │ is safe to expose to any user, add an insecure   │
│                    │                                                  │                                                  │ reason to the @auth directive to suppress this   │
│                    │                                                  │                                                  │ warning.                                         │
└────────────────────┴──────────────────────────────────────────────────┴──────────────────────────────────────────────────┴──────────────────────────────────────────────────┘ 
